0 info it worked if it ends with ok
1 verbose cli [ '/home/jonas/.nvm/v0.10.38/bin/node',
1 verbose cli   '/home/jonas/.nvm/v0.10.38/bin/npm',
1 verbose cli   'install' ]
2 info using npm@1.4.28
3 info using node@v0.10.38
4 error install Couldn't read dependencies
5 error Error: Invalid name: "them monsters"
5 error     at ensureValidName (/home/jonas/.nvm/v0.10.38/lib/node_modules/npm/node_modules/read-package-json/node_modules/normalize-package-data/lib/fixer.js:315:15)
5 error     at Object.module.exports.fixNameField (/home/jonas/.nvm/v0.10.38/lib/node_modules/npm/node_modules/read-package-json/node_modules/normalize-package-data/lib/fixer.js:204:5)
5 error     at /home/jonas/.nvm/v0.10.38/lib/node_modules/npm/node_modules/read-package-json/node_modules/normalize-package-data/lib/normalize.js:30:38
5 error     at Array.forEach (native)
5 error     at normalize (/home/jonas/.nvm/v0.10.38/lib/node_modules/npm/node_modules/read-package-json/node_modules/normalize-package-data/lib/normalize.js:29:15)
5 error     at final (/home/jonas/.nvm/v0.10.38/lib/node_modules/npm/node_modules/read-package-json/read-json.js:342:33)
5 error     at then (/home/jonas/.nvm/v0.10.38/lib/node_modules/npm/node_modules/read-package-json/read-json.js:126:33)
5 error     at /home/jonas/.nvm/v0.10.38/lib/node_modules/npm/node_modules/read-package-json/read-json.js:316:48
5 error     at evalmachine.<anonymous>:208:20
5 error     at OpenReq.Req.done (/home/jonas/.nvm/v0.10.38/lib/node_modules/npm/node_modules/graceful-fs/graceful-fs.js:141:5)
6 error If you need help, you may report this *entire* log,
6 error including the npm and node versions, at:
6 error     <http://github.com/npm/npm/issues>
7 error System Linux 3.16.0-37-generic
8 error command "/home/jonas/.nvm/v0.10.38/bin/node" "/home/jonas/.nvm/v0.10.38/bin/npm" "install"
9 error cwd /home/jonas/Desktop/webapp
10 error node -v v0.10.38
11 error npm -v 1.4.28
12 verbose exit [ 1, true ]
